2021-04-08 18:42:21,922 CONTROLLERS:
  blackbox_id: ppo_controller
  fallback_id: todo
DATASET:
  CONTENT_SCENES: ['*']
  DATA_PATH: habitat-lab/data/datasets/pointnav/habitat-test-scenes/v1/{split}/{split}.json.gz
  SCENES_DIR: habitat-lab/data/scene_datasets/
  SPLIT: train
  TYPE: PointNav-v1
ENVIRONMENT:
  ITERATOR_OPTIONS:
    CYCLE: True
    GROUP_BY_SCENE: True
    MAX_SCENE_REPEAT_EPISODES: -1
    MAX_SCENE_REPEAT_STEPS: 10000
    NUM_EPISODE_SAMPLE: -1
    SHUFFLE: True
    STEP_REPETITION_RANGE: 0.2
  MAX_EPISODE_SECONDS: 10000000
  MAX_EPISODE_STEPS: 500
LOG_FILE: controller.log
LOG_UPDATE: 1
MODEL:
  DEPTH_ENCODER:
    backbone: resnet50
    cnn_type: VlnResnetDepthEncoder
    ddppo_checkpoint: model_ckpt/depth_resnet50.pth
    output_size: 128
  POLICY: seq2seq
  PROGRESS_MONITOR:
    alpha: 1.0
    use: False
  RGB_ENCODER:
    cnn_type: TorchVisionResNet50
    output_size: 256
  SEQ2SEQ:
    use_prev_action: False
  STATE_ENCODER:
    hidden_size: 512
    rnn_type: GRU
  ablate_depth: False
  ablate_pointgoal: False
  ablate_rgb: False
  inflection_weight_coef: 3.2
  use_cpu: False
NUM_EPISODES: 5
NUM_PROCESSES: 1
PYROBOT:
  BASE_CONTROLLER: proportional
  BASE_PLANNER: none
  BUMP_SENSOR:
    TYPE: PyRobotBumpSensor
  DEPTH_SENSOR:
    CENTER_CROP: False
    HEIGHT: 480
    MAX_DEPTH: 5.0
    MIN_DEPTH: 0.0
    NORMALIZE_DEPTH: True
    TYPE: PyRobotDepthSensor
    WIDTH: 640
  LOCOBOT:
    ACTIONS: ['BASE_ACTIONS', 'CAMERA_ACTIONS']
    BASE_ACTIONS: ['go_to_relative', 'go_to_absolute']
    CAMERA_ACTIONS: ['set_pan', 'set_tilt', 'set_pan_tilt']
  RGB_SENSOR:
    CENTER_CROP: False
    HEIGHT: 480
    TYPE: PyRobotRGBSensor
    WIDTH: 640
  ROBOT: locobot
  ROBOTS: ['locobot']
  SENSORS: ['RGB_SENSOR', 'DEPTH_SENSOR', 'BUMP_SENSOR']
RL:
  PPO:
    clip_param: 0.1
    entropy_coef: 0.01
    eps: 1e-05
    gamma: 0.99
    hidden_size: 512
    lr: 0.00025
    max_grad_norm: 0.5
    num_mini_batch: 1
    num_steps: 128
    ppo_epoch: 4
    reward_window_size: 50
    tau: 0.95
    use_gae: True
    use_linear_clip_decay: True
    use_linear_lr_decay: True
    use_normalized_advantage: False
    value_loss_coef: 0.5
  ppo_checkpoint: model_ckpt/ppo.pth
SEED: 100
SIMULATOR:
  ACTION_SPACE_CONFIG: v0
  AGENTS: ['AGENT_0']
  AGENT_0:
    ANGULAR_ACCELERATION: 12.56
    ANGULAR_FRICTION: 1.0
    COEFFICIENT_OF_RESTITUTION: 0.0
    HEIGHT: 1.5
    IS_SET_START_STATE: False
    LINEAR_ACCELERATION: 20.0
    LINEAR_FRICTION: 0.5
    MASS: 32.0
    RADIUS: 0.1
    SENSORS: ['DEPTH_SENSOR', 'RGB_SENSOR']
    START_POSITION: [0, 0, 0]
    START_ROTATION: [0, 0, 0, 1]
  DEFAULT_AGENT_ID: 0
  DEPTH_SENSOR:
    HEIGHT: 256
    HFOV: 90
    MAX_DEPTH: 10.0
    MIN_DEPTH: 0.0
    NORMALIZE_DEPTH: True
    ORIENTATION: [0.0, 0.0, 0.0]
    POSITION: [0, 1.25, 0]
    TYPE: HabitatSimDepthSensor
    WIDTH: 256
  FORWARD_STEP_SIZE: 0.25
  HABITAT_SIM_V0:
    ALLOW_SLIDING: True
    ENABLE_PHYSICS: False
    GPU_DEVICE_ID: 0
    GPU_GPU: False
    PHYSICS_CONFIG_FILE: ./data/default.phys_scene_config.json
  RGB_SENSOR:
    HEIGHT: 224
    HFOV: 90
    ORIENTATION: [0.0, 0.0, 0.0]
    POSITION: [0, 1.25, 0]
    TYPE: HabitatSimRGBSensor
    WIDTH: 224
  SCENE: data/scene_datasets/habitat-test-scenes/van-gogh-room.glb
  SEED: 100
  SEMANTIC_SENSOR:
    HEIGHT: 480
    HFOV: 90
    ORIENTATION: [0.0, 0.0, 0.0]
    POSITION: [0, 1.25, 0]
    TYPE: HabitatSimSemanticSensor
    WIDTH: 640
  TILT_ANGLE: 15
  TURN_ANGLE: 15
  TYPE: Sim-v0
SIMULATOR_GPU_ID: 0
TASK:
  ACTIONS:
    ANSWER:
      TYPE: AnswerAction
    LOOK_DOWN:
      TYPE: LookDownAction
    LOOK_UP:
      TYPE: LookUpAction
    MOVE_FORWARD:
      TYPE: MoveForwardAction
    STOP:
      TYPE: StopAction
    TELEPORT:
      TYPE: TeleportAction
    TURN_LEFT:
      TYPE: TurnLeftAction
    TURN_RIGHT:
      TYPE: TurnRightAction
  ANSWER_ACCURACY:
    TYPE: AnswerAccuracy
  COLLISIONS:
    TYPE: Collisions
  COMPASS_SENSOR:
    TYPE: CompassSensor
  CORRECT_ANSWER:
    TYPE: CorrectAnswer
  DISTANCE_TO_GOAL:
    DISTANCE_TO: POINT
    TYPE: DistanceToGoal
  EPISODE_INFO:
    TYPE: EpisodeInfo
  GOAL_SENSOR_UUID: pointgoal
  GPS_SENSOR:
    DIMENSIONALITY: 2
    TYPE: GPSSensor
  HEADING_SENSOR:
    TYPE: HeadingSensor
  IMAGEGOAL_SENSOR:
    TYPE: ImageGoalSensor
  INSTRUCTION_SENSOR:
    TYPE: InstructionSensor
  INSTRUCTION_SENSOR_UUID: instruction
  MEASUREMENTS: ['DISTANCE_TO_GOAL', 'TOP_DOWN_MAP', 'SUCCESS']
  OBJECTGOAL_SENSOR:
    GOAL_SPEC: TASK_CATEGORY_ID
    GOAL_SPEC_MAX_VAL: 50
    TYPE: ObjectGoalSensor
  POINTGOAL_SENSOR:
    DIMENSIONALITY: 2
    GOAL_FORMAT: POLAR
    TYPE: PointGoalSensor
  POINTGOAL_WITH_GPS_COMPASS_SENSOR:
    DIMENSIONALITY: 2
    GOAL_FORMAT: POLAR
    TYPE: PointGoalWithGPSCompassSensor
  POSSIBLE_ACTIONS: ['STOP', 'MOVE_FORWARD', 'TURN_LEFT', 'TURN_RIGHT']
  PROXIMITY_SENSOR:
    MAX_DETECTION_RADIUS: 2.0
    TYPE: ProximitySensor
  QUESTION_SENSOR:
    TYPE: QuestionSensor
  SENSORS: ['POINTGOAL_WITH_GPS_COMPASS_SENSOR', 'HEADING_SENSOR']
  SOFT_SPL:
    TYPE: SoftSPL
  SPL:
    TYPE: SPL
  SUCCESS:
    SUCCESS_DISTANCE: 3.0
    TYPE: Success
  SUCCESS_DISTANCE: 3.0
  TOP_DOWN_MAP:
    DRAW_BORDER: True
    DRAW_GOAL_AABBS: True
    DRAW_GOAL_POSITIONS: True
    DRAW_SHORTEST_PATH: True
    DRAW_SOURCE: True
    DRAW_VIEW_POINTS: True
    FOG_OF_WAR:
      DRAW: True
      FOV: 90
      VISIBILITY_DIST: 5.0
    MAP_PADDING: 3
    MAP_RESOLUTION: 1250
    MAX_EPISODE_STEPS: 1000
    NUM_TOPDOWN_MAP_SAMPLE_POINTS: 20000
    TYPE: TopDownMap
  TYPE: Nav-v0
TORCH_GPU_ID: 0
USE_CPU: False
VIDEO_DIR: out/controller/
VIDEO_OPTION: ['disk']
2021-04-08 18:42:21,924 Initializing dataset PointNav-v1
2021-04-08 18:42:22,105 initializing sim Sim-v0
2021-04-08 18:42:22,914 Initializing task Nav-v0
2021-04-08 18:42:22,917 Overwriting CNN input size of depth: (256, 256)
2021-04-08 18:42:25,420 Initialized ControllerType.BLACKBOX with id: ppo_controller
2021-04-08 18:42:27,364 Video created: out/controller/path_id=2104=0.mp4
2021-04-08 18:42:28,224 Video created: out/controller/path_id=2379=1.mp4
2021-04-08 18:42:28,802 Video created: out/controller/path_id=13=2.mp4
2021-04-08 18:42:29,589 Video created: out/controller/path_id=1816=3.mp4
2021-04-08 18:42:30,410 Video created: out/controller/path_id=4594=4.mp4
2021-04-08 18:43:45,515 CONTROLLERS:
  blackbox_id: ppo_controller
  fallback_id: todo
DATASET:
  CONTENT_SCENES: ['*']
  DATA_PATH: habitat-lab/data/datasets/pointnav/habitat-test-scenes/v1/{split}/{split}.json.gz
  SCENES_DIR: habitat-lab/data/scene_datasets/
  SPLIT: train
  TYPE: PointNav-v1
ENVIRONMENT:
  ITERATOR_OPTIONS:
    CYCLE: True
    GROUP_BY_SCENE: True
    MAX_SCENE_REPEAT_EPISODES: -1
    MAX_SCENE_REPEAT_STEPS: 10000
    NUM_EPISODE_SAMPLE: -1
    SHUFFLE: True
    STEP_REPETITION_RANGE: 0.2
  MAX_EPISODE_SECONDS: 10000000
  MAX_EPISODE_STEPS: 500
LOG_FILE: controller.log
LOG_UPDATE: 1
MODEL:
  DEPTH_ENCODER:
    backbone: resnet50
    cnn_type: VlnResnetDepthEncoder
    ddppo_checkpoint: model_ckpt/depth_resnet50.pth
    output_size: 128
  POLICY: seq2seq
  PROGRESS_MONITOR:
    alpha: 1.0
    use: False
  RGB_ENCODER:
    cnn_type: TorchVisionResNet50
    output_size: 256
  SEQ2SEQ:
    use_prev_action: False
  STATE_ENCODER:
    hidden_size: 512
    rnn_type: GRU
  ablate_depth: False
  ablate_pointgoal: False
  ablate_rgb: False
  inflection_weight_coef: 3.2
  use_cpu: True
NUM_EPISODES: 5
NUM_PROCESSES: 1
PYROBOT:
  BASE_CONTROLLER: proportional
  BASE_PLANNER: none
  BUMP_SENSOR:
    TYPE: PyRobotBumpSensor
  DEPTH_SENSOR:
    CENTER_CROP: False
    HEIGHT: 480
    MAX_DEPTH: 5.0
    MIN_DEPTH: 0.0
    NORMALIZE_DEPTH: True
    TYPE: PyRobotDepthSensor
    WIDTH: 640
  LOCOBOT:
    ACTIONS: ['BASE_ACTIONS', 'CAMERA_ACTIONS']
    BASE_ACTIONS: ['go_to_relative', 'go_to_absolute']
    CAMERA_ACTIONS: ['set_pan', 'set_tilt', 'set_pan_tilt']
  RGB_SENSOR:
    CENTER_CROP: False
    HEIGHT: 480
    TYPE: PyRobotRGBSensor
    WIDTH: 640
  ROBOT: locobot
  ROBOTS: ['locobot']
  SENSORS: ['RGB_SENSOR', 'DEPTH_SENSOR', 'BUMP_SENSOR']
RL:
  PPO:
    clip_param: 0.1
    entropy_coef: 0.01
    eps: 1e-05
    gamma: 0.99
    hidden_size: 512
    lr: 0.00025
    max_grad_norm: 0.5
    num_mini_batch: 1
    num_steps: 128
    ppo_epoch: 4
    reward_window_size: 50
    tau: 0.95
    use_gae: True
    use_linear_clip_decay: True
    use_linear_lr_decay: True
    use_normalized_advantage: False
    value_loss_coef: 0.5
  ppo_checkpoint: model_ckpt/ppo.pth
SEED: 100
SIMULATOR:
  ACTION_SPACE_CONFIG: v0
  AGENTS: ['AGENT_0']
  AGENT_0:
    ANGULAR_ACCELERATION: 12.56
    ANGULAR_FRICTION: 1.0
    COEFFICIENT_OF_RESTITUTION: 0.0
    HEIGHT: 1.5
    IS_SET_START_STATE: False
    LINEAR_ACCELERATION: 20.0
    LINEAR_FRICTION: 0.5
    MASS: 32.0
    RADIUS: 0.1
    SENSORS: ['DEPTH_SENSOR', 'RGB_SENSOR']
    START_POSITION: [0, 0, 0]
    START_ROTATION: [0, 0, 0, 1]
  DEFAULT_AGENT_ID: 0
  DEPTH_SENSOR:
    HEIGHT: 256
    HFOV: 90
    MAX_DEPTH: 10.0
    MIN_DEPTH: 0.0
    NORMALIZE_DEPTH: True
    ORIENTATION: [0.0, 0.0, 0.0]
    POSITION: [0, 1.25, 0]
    TYPE: HabitatSimDepthSensor
    WIDTH: 256
  FORWARD_STEP_SIZE: 0.25
  HABITAT_SIM_V0:
    ALLOW_SLIDING: True
    ENABLE_PHYSICS: False
    GPU_DEVICE_ID: 0
    GPU_GPU: False
    PHYSICS_CONFIG_FILE: ./data/default.phys_scene_config.json
  RGB_SENSOR:
    HEIGHT: 224
    HFOV: 90
    ORIENTATION: [0.0, 0.0, 0.0]
    POSITION: [0, 1.25, 0]
    TYPE: HabitatSimRGBSensor
    WIDTH: 224
  SCENE: data/scene_datasets/habitat-test-scenes/van-gogh-room.glb
  SEED: 100
  SEMANTIC_SENSOR:
    HEIGHT: 480
    HFOV: 90
    ORIENTATION: [0.0, 0.0, 0.0]
    POSITION: [0, 1.25, 0]
    TYPE: HabitatSimSemanticSensor
    WIDTH: 640
  TILT_ANGLE: 15
  TURN_ANGLE: 15
  TYPE: Sim-v0
SIMULATOR_GPU_ID: 0
TASK:
  ACTIONS:
    ANSWER:
      TYPE: AnswerAction
    LOOK_DOWN:
      TYPE: LookDownAction
    LOOK_UP:
      TYPE: LookUpAction
    MOVE_FORWARD:
      TYPE: MoveForwardAction
    STOP:
      TYPE: StopAction
    TELEPORT:
      TYPE: TeleportAction
    TURN_LEFT:
      TYPE: TurnLeftAction
    TURN_RIGHT:
      TYPE: TurnRightAction
  ANSWER_ACCURACY:
    TYPE: AnswerAccuracy
  COLLISIONS:
    TYPE: Collisions
  COMPASS_SENSOR:
    TYPE: CompassSensor
  CORRECT_ANSWER:
    TYPE: CorrectAnswer
  DISTANCE_TO_GOAL:
    DISTANCE_TO: POINT
    TYPE: DistanceToGoal
  EPISODE_INFO:
    TYPE: EpisodeInfo
  GOAL_SENSOR_UUID: pointgoal
  GPS_SENSOR:
    DIMENSIONALITY: 2
    TYPE: GPSSensor
  HEADING_SENSOR:
    TYPE: HeadingSensor
  IMAGEGOAL_SENSOR:
    TYPE: ImageGoalSensor
  INSTRUCTION_SENSOR:
    TYPE: InstructionSensor
  INSTRUCTION_SENSOR_UUID: instruction
  MEASUREMENTS: ['DISTANCE_TO_GOAL', 'TOP_DOWN_MAP', 'SUCCESS']
  OBJECTGOAL_SENSOR:
    GOAL_SPEC: TASK_CATEGORY_ID
    GOAL_SPEC_MAX_VAL: 50
    TYPE: ObjectGoalSensor
  POINTGOAL_SENSOR:
    DIMENSIONALITY: 2
    GOAL_FORMAT: POLAR
    TYPE: PointGoalSensor
  POINTGOAL_WITH_GPS_COMPASS_SENSOR:
    DIMENSIONALITY: 2
    GOAL_FORMAT: POLAR
    TYPE: PointGoalWithGPSCompassSensor
  POSSIBLE_ACTIONS: ['STOP', 'MOVE_FORWARD', 'TURN_LEFT', 'TURN_RIGHT']
  PROXIMITY_SENSOR:
    MAX_DETECTION_RADIUS: 2.0
    TYPE: ProximitySensor
  QUESTION_SENSOR:
    TYPE: QuestionSensor
  SENSORS: ['POINTGOAL_WITH_GPS_COMPASS_SENSOR', 'HEADING_SENSOR']
  SOFT_SPL:
    TYPE: SoftSPL
  SPL:
    TYPE: SPL
  SUCCESS:
    SUCCESS_DISTANCE: 3.0
    TYPE: Success
  SUCCESS_DISTANCE: 3.0
  TOP_DOWN_MAP:
    DRAW_BORDER: True
    DRAW_GOAL_AABBS: True
    DRAW_GOAL_POSITIONS: True
    DRAW_SHORTEST_PATH: True
    DRAW_SOURCE: True
    DRAW_VIEW_POINTS: True
    FOG_OF_WAR:
      DRAW: True
      FOV: 90
      VISIBILITY_DIST: 5.0
    MAP_PADDING: 3
    MAP_RESOLUTION: 1250
    MAX_EPISODE_STEPS: 1000
    NUM_TOPDOWN_MAP_SAMPLE_POINTS: 20000
    TYPE: TopDownMap
  TYPE: Nav-v0
TORCH_GPU_ID: 0
USE_CPU: True
VIDEO_DIR: out/controller/
VIDEO_OPTION: ['disk']
2021-04-08 18:43:45,516 Initializing dataset PointNav-v1
2021-04-08 18:43:45,713 initializing sim Sim-v0
2021-04-08 18:43:46,571 Initializing task Nav-v0
2021-04-08 18:43:46,573 Overwriting CNN input size of depth: (256, 256)
2021-04-08 18:43:47,411 Initialized ControllerType.BLACKBOX with id: ppo_controller
2021-04-08 18:43:50,569 Video created: out/controller/path_id=4077=0.mp4
2021-04-08 18:43:52,801 Video created: out/controller/path_id=3110=1.mp4
2021-04-08 18:43:55,485 Video created: out/controller/path_id=4522=2.mp4
2021-04-08 18:43:56,773 Video created: out/controller/path_id=1333=3.mp4
2021-04-08 18:43:58,048 Video created: out/controller/path_id=1606=4.mp4
2021-04-08 18:44:58,192 CONTROLLERS:
  blackbox_id: ppo_controller
  fallback_id: todo
DATASET:
  CONTENT_SCENES: ['*']
  DATA_PATH: habitat-lab/data/datasets/pointnav/habitat-test-scenes/v1/{split}/{split}.json.gz
  SCENES_DIR: habitat-lab/data/scene_datasets/
  SPLIT: train
  TYPE: PointNav-v1
ENVIRONMENT:
  ITERATOR_OPTIONS:
    CYCLE: True
    GROUP_BY_SCENE: True
    MAX_SCENE_REPEAT_EPISODES: -1
    MAX_SCENE_REPEAT_STEPS: 10000
    NUM_EPISODE_SAMPLE: -1
    SHUFFLE: True
    STEP_REPETITION_RANGE: 0.2
  MAX_EPISODE_SECONDS: 10000000
  MAX_EPISODE_STEPS: 500
LOG_FILE: controller.log
LOG_UPDATE: 1
MODEL:
  DEPTH_ENCODER:
    backbone: resnet50
    cnn_type: VlnResnetDepthEncoder
    ddppo_checkpoint: model_ckpt/depth_resnet50.pth
    output_size: 128
  POLICY: seq2seq
  PROGRESS_MONITOR:
    alpha: 1.0
    use: False
  RGB_ENCODER:
    cnn_type: TorchVisionResNet50
    output_size: 256
  SEQ2SEQ:
    use_prev_action: False
  STATE_ENCODER:
    hidden_size: 512
    rnn_type: GRU
  ablate_depth: False
  ablate_pointgoal: False
  ablate_rgb: False
  inflection_weight_coef: 3.2
  use_cpu: False
NUM_EPISODES: 5
NUM_PROCESSES: 1
PYROBOT:
  BASE_CONTROLLER: proportional
  BASE_PLANNER: none
  BUMP_SENSOR:
    TYPE: PyRobotBumpSensor
  DEPTH_SENSOR:
    CENTER_CROP: False
    HEIGHT: 480
    MAX_DEPTH: 5.0
    MIN_DEPTH: 0.0
    NORMALIZE_DEPTH: True
    TYPE: PyRobotDepthSensor
    WIDTH: 640
  LOCOBOT:
    ACTIONS: ['BASE_ACTIONS', 'CAMERA_ACTIONS']
    BASE_ACTIONS: ['go_to_relative', 'go_to_absolute']
    CAMERA_ACTIONS: ['set_pan', 'set_tilt', 'set_pan_tilt']
  RGB_SENSOR:
    CENTER_CROP: False
    HEIGHT: 480
    TYPE: PyRobotRGBSensor
    WIDTH: 640
  ROBOT: locobot
  ROBOTS: ['locobot']
  SENSORS: ['RGB_SENSOR', 'DEPTH_SENSOR', 'BUMP_SENSOR']
RL:
  PPO:
    clip_param: 0.1
    entropy_coef: 0.01
    eps: 1e-05
    gamma: 0.99
    hidden_size: 512
    lr: 0.00025
    max_grad_norm: 0.5
    num_mini_batch: 1
    num_steps: 128
    ppo_epoch: 4
    reward_window_size: 50
    tau: 0.95
    use_gae: True
    use_linear_clip_decay: True
    use_linear_lr_decay: True
    use_normalized_advantage: False
    value_loss_coef: 0.5
  ppo_checkpoint: model_ckpt/ppo.pth
SEED: 100
SIMULATOR:
  ACTION_SPACE_CONFIG: v0
  AGENTS: ['AGENT_0']
  AGENT_0:
    ANGULAR_ACCELERATION: 12.56
    ANGULAR_FRICTION: 1.0
    COEFFICIENT_OF_RESTITUTION: 0.0
    HEIGHT: 1.5
    IS_SET_START_STATE: False
    LINEAR_ACCELERATION: 20.0
    LINEAR_FRICTION: 0.5
    MASS: 32.0
    RADIUS: 0.1
    SENSORS: ['DEPTH_SENSOR', 'RGB_SENSOR']
    START_POSITION: [0, 0, 0]
    START_ROTATION: [0, 0, 0, 1]
  DEFAULT_AGENT_ID: 0
  DEPTH_SENSOR:
    HEIGHT: 256
    HFOV: 90
    MAX_DEPTH: 10.0
    MIN_DEPTH: 0.0
    NORMALIZE_DEPTH: True
    ORIENTATION: [0.0, 0.0, 0.0]
    POSITION: [0, 1.25, 0]
    TYPE: HabitatSimDepthSensor
    WIDTH: 256
  FORWARD_STEP_SIZE: 0.25
  HABITAT_SIM_V0:
    ALLOW_SLIDING: True
    ENABLE_PHYSICS: False
    GPU_DEVICE_ID: 0
    GPU_GPU: False
    PHYSICS_CONFIG_FILE: ./data/default.phys_scene_config.json
  RGB_SENSOR:
    HEIGHT: 224
    HFOV: 90
    ORIENTATION: [0.0, 0.0, 0.0]
    POSITION: [0, 1.25, 0]
    TYPE: HabitatSimRGBSensor
    WIDTH: 224
  SCENE: data/scene_datasets/habitat-test-scenes/van-gogh-room.glb
  SEED: 100
  SEMANTIC_SENSOR:
    HEIGHT: 480
    HFOV: 90
    ORIENTATION: [0.0, 0.0, 0.0]
    POSITION: [0, 1.25, 0]
    TYPE: HabitatSimSemanticSensor
    WIDTH: 640
  TILT_ANGLE: 15
  TURN_ANGLE: 15
  TYPE: Sim-v0
SIMULATOR_GPU_ID: 0
TASK:
  ACTIONS:
    ANSWER:
      TYPE: AnswerAction
    LOOK_DOWN:
      TYPE: LookDownAction
    LOOK_UP:
      TYPE: LookUpAction
    MOVE_FORWARD:
      TYPE: MoveForwardAction
    STOP:
      TYPE: StopAction
    TELEPORT:
      TYPE: TeleportAction
    TURN_LEFT:
      TYPE: TurnLeftAction
    TURN_RIGHT:
      TYPE: TurnRightAction
  ANSWER_ACCURACY:
    TYPE: AnswerAccuracy
  COLLISIONS:
    TYPE: Collisions
  COMPASS_SENSOR:
    TYPE: CompassSensor
  CORRECT_ANSWER:
    TYPE: CorrectAnswer
  DISTANCE_TO_GOAL:
    DISTANCE_TO: POINT
    TYPE: DistanceToGoal
  EPISODE_INFO:
    TYPE: EpisodeInfo
  GOAL_SENSOR_UUID: pointgoal
  GPS_SENSOR:
    DIMENSIONALITY: 2
    TYPE: GPSSensor
  HEADING_SENSOR:
    TYPE: HeadingSensor
  IMAGEGOAL_SENSOR:
    TYPE: ImageGoalSensor
  INSTRUCTION_SENSOR:
    TYPE: InstructionSensor
  INSTRUCTION_SENSOR_UUID: instruction
  MEASUREMENTS: ['DISTANCE_TO_GOAL', 'TOP_DOWN_MAP', 'SUCCESS']
  OBJECTGOAL_SENSOR:
    GOAL_SPEC: TASK_CATEGORY_ID
    GOAL_SPEC_MAX_VAL: 50
    TYPE: ObjectGoalSensor
  POINTGOAL_SENSOR:
    DIMENSIONALITY: 2
    GOAL_FORMAT: POLAR
    TYPE: PointGoalSensor
  POINTGOAL_WITH_GPS_COMPASS_SENSOR:
    DIMENSIONALITY: 2
    GOAL_FORMAT: POLAR
    TYPE: PointGoalWithGPSCompassSensor
  POSSIBLE_ACTIONS: ['STOP', 'MOVE_FORWARD', 'TURN_LEFT', 'TURN_RIGHT']
  PROXIMITY_SENSOR:
    MAX_DETECTION_RADIUS: 2.0
    TYPE: ProximitySensor
  QUESTION_SENSOR:
    TYPE: QuestionSensor
  SENSORS: ['POINTGOAL_WITH_GPS_COMPASS_SENSOR', 'HEADING_SENSOR']
  SOFT_SPL:
    TYPE: SoftSPL
  SPL:
    TYPE: SPL
  SUCCESS:
    SUCCESS_DISTANCE: 3.0
    TYPE: Success
  SUCCESS_DISTANCE: 3.0
  TOP_DOWN_MAP:
    DRAW_BORDER: True
    DRAW_GOAL_AABBS: True
    DRAW_GOAL_POSITIONS: True
    DRAW_SHORTEST_PATH: True
    DRAW_SOURCE: True
    DRAW_VIEW_POINTS: True
    FOG_OF_WAR:
      DRAW: True
      FOV: 90
      VISIBILITY_DIST: 5.0
    MAP_PADDING: 3
    MAP_RESOLUTION: 1250
    MAX_EPISODE_STEPS: 1000
    NUM_TOPDOWN_MAP_SAMPLE_POINTS: 20000
    TYPE: TopDownMap
  TYPE: Nav-v0
TORCH_GPU_ID: 0
USE_CPU: False
VIDEO_DIR: out/controller/
VIDEO_OPTION: ['disk']
2021-04-08 18:44:58,194 Initializing dataset PointNav-v1
2021-04-08 18:44:58,380 initializing sim Sim-v0
2021-04-08 18:44:59,231 Initializing task Nav-v0
2021-04-08 18:44:59,232 Overwriting CNN input size of depth: (256, 256)
2021-04-08 18:45:01,791 Initialized ControllerType.BLACKBOX with id: ppo_controller
2021-04-08 18:45:03,806 Video created: out/controller/path_id=3930=0.mp4
2021-04-08 18:45:04,782 Video created: out/controller/path_id=1811=1.mp4
2021-04-08 18:45:05,597 Video created: out/controller/path_id=1075=2.mp4
2021-04-08 18:45:06,560 Video created: out/controller/path_id=3887=3.mp4
2021-04-08 18:45:07,674 Video created: out/controller/path_id=2520=4.mp4
2021-04-08 18:45:26,639 CONTROLLERS:
  blackbox_id: ppo_controller
  fallback_id: todo
DATASET:
  CONTENT_SCENES: ['*']
  DATA_PATH: habitat-lab/data/datasets/pointnav/habitat-test-scenes/v1/{split}/{split}.json.gz
  SCENES_DIR: habitat-lab/data/scene_datasets/
  SPLIT: train
  TYPE: PointNav-v1
ENVIRONMENT:
  ITERATOR_OPTIONS:
    CYCLE: True
    GROUP_BY_SCENE: True
    MAX_SCENE_REPEAT_EPISODES: -1
    MAX_SCENE_REPEAT_STEPS: 10000
    NUM_EPISODE_SAMPLE: -1
    SHUFFLE: True
    STEP_REPETITION_RANGE: 0.2
  MAX_EPISODE_SECONDS: 10000000
  MAX_EPISODE_STEPS: 500
LOG_FILE: controller.log
LOG_UPDATE: 1
MODEL:
  DEPTH_ENCODER:
    backbone: resnet50
    cnn_type: VlnResnetDepthEncoder
    ddppo_checkpoint: model_ckpt/depth_resnet50.pth
    output_size: 128
  POLICY: seq2seq
  PROGRESS_MONITOR:
    alpha: 1.0
    use: False
  RGB_ENCODER:
    cnn_type: TorchVisionResNet50
    output_size: 256
  SEQ2SEQ:
    use_prev_action: False
  STATE_ENCODER:
    hidden_size: 512
    rnn_type: GRU
  ablate_depth: False
  ablate_pointgoal: False
  ablate_rgb: False
  inflection_weight_coef: 3.2
  use_cpu: False
NUM_EPISODES: 5
NUM_PROCESSES: 1
PYROBOT:
  BASE_CONTROLLER: proportional
  BASE_PLANNER: none
  BUMP_SENSOR:
    TYPE: PyRobotBumpSensor
  DEPTH_SENSOR:
    CENTER_CROP: False
    HEIGHT: 480
    MAX_DEPTH: 5.0
    MIN_DEPTH: 0.0
    NORMALIZE_DEPTH: True
    TYPE: PyRobotDepthSensor
    WIDTH: 640
  LOCOBOT:
    ACTIONS: ['BASE_ACTIONS', 'CAMERA_ACTIONS']
    BASE_ACTIONS: ['go_to_relative', 'go_to_absolute']
    CAMERA_ACTIONS: ['set_pan', 'set_tilt', 'set_pan_tilt']
  RGB_SENSOR:
    CENTER_CROP: False
    HEIGHT: 480
    TYPE: PyRobotRGBSensor
    WIDTH: 640
  ROBOT: locobot
  ROBOTS: ['locobot']
  SENSORS: ['RGB_SENSOR', 'DEPTH_SENSOR', 'BUMP_SENSOR']
RL:
  PPO:
    clip_param: 0.1
    entropy_coef: 0.01
    eps: 1e-05
    gamma: 0.99
    hidden_size: 512
    lr: 0.00025
    max_grad_norm: 0.5
    num_mini_batch: 1
    num_steps: 128
    ppo_epoch: 4
    reward_window_size: 50
    tau: 0.95
    use_gae: True
    use_linear_clip_decay: True
    use_linear_lr_decay: True
    use_normalized_advantage: False
    value_loss_coef: 0.5
  ppo_checkpoint: model_ckpt/ppo.pth
SEED: 100
SIMULATOR:
  ACTION_SPACE_CONFIG: v0
  AGENTS: ['AGENT_0']
  AGENT_0:
    ANGULAR_ACCELERATION: 12.56
    ANGULAR_FRICTION: 1.0
    COEFFICIENT_OF_RESTITUTION: 0.0
    HEIGHT: 1.5
    IS_SET_START_STATE: False
    LINEAR_ACCELERATION: 20.0
    LINEAR_FRICTION: 0.5
    MASS: 32.0
    RADIUS: 0.1
    SENSORS: ['DEPTH_SENSOR', 'RGB_SENSOR']
    START_POSITION: [0, 0, 0]
    START_ROTATION: [0, 0, 0, 1]
  DEFAULT_AGENT_ID: 0
  DEPTH_SENSOR:
    HEIGHT: 256
    HFOV: 90
    MAX_DEPTH: 10.0
    MIN_DEPTH: 0.0
    NORMALIZE_DEPTH: True
    ORIENTATION: [0.0, 0.0, 0.0]
    POSITION: [0, 1.25, 0]
    TYPE: HabitatSimDepthSensor
    WIDTH: 256
  FORWARD_STEP_SIZE: 0.25
  HABITAT_SIM_V0:
    ALLOW_SLIDING: True
    ENABLE_PHYSICS: False
    GPU_DEVICE_ID: 0
    GPU_GPU: False
    PHYSICS_CONFIG_FILE: ./data/default.phys_scene_config.json
  RGB_SENSOR:
    HEIGHT: 224
    HFOV: 90
    ORIENTATION: [0.0, 0.0, 0.0]
    POSITION: [0, 1.25, 0]
    TYPE: HabitatSimRGBSensor
    WIDTH: 224
  SCENE: data/scene_datasets/habitat-test-scenes/van-gogh-room.glb
  SEED: 100
  SEMANTIC_SENSOR:
    HEIGHT: 480
    HFOV: 90
    ORIENTATION: [0.0, 0.0, 0.0]
    POSITION: [0, 1.25, 0]
    TYPE: HabitatSimSemanticSensor
    WIDTH: 640
  TILT_ANGLE: 15
  TURN_ANGLE: 15
  TYPE: Sim-v0
SIMULATOR_GPU_ID: 0
TASK:
  ACTIONS:
    ANSWER:
      TYPE: AnswerAction
    LOOK_DOWN:
      TYPE: LookDownAction
    LOOK_UP:
      TYPE: LookUpAction
    MOVE_FORWARD:
      TYPE: MoveForwardAction
    STOP:
      TYPE: StopAction
    TELEPORT:
      TYPE: TeleportAction
    TURN_LEFT:
      TYPE: TurnLeftAction
    TURN_RIGHT:
      TYPE: TurnRightAction
  ANSWER_ACCURACY:
    TYPE: AnswerAccuracy
  COLLISIONS:
    TYPE: Collisions
  COMPASS_SENSOR:
    TYPE: CompassSensor
  CORRECT_ANSWER:
    TYPE: CorrectAnswer
  DISTANCE_TO_GOAL:
    DISTANCE_TO: POINT
    TYPE: DistanceToGoal
  EPISODE_INFO:
    TYPE: EpisodeInfo
  GOAL_SENSOR_UUID: pointgoal
  GPS_SENSOR:
    DIMENSIONALITY: 2
    TYPE: GPSSensor
  HEADING_SENSOR:
    TYPE: HeadingSensor
  IMAGEGOAL_SENSOR:
    TYPE: ImageGoalSensor
  INSTRUCTION_SENSOR:
    TYPE: InstructionSensor
  INSTRUCTION_SENSOR_UUID: instruction
  MEASUREMENTS: ['DISTANCE_TO_GOAL', 'TOP_DOWN_MAP', 'SUCCESS']
  OBJECTGOAL_SENSOR:
    GOAL_SPEC: TASK_CATEGORY_ID
    GOAL_SPEC_MAX_VAL: 50
    TYPE: ObjectGoalSensor
  POINTGOAL_SENSOR:
    DIMENSIONALITY: 2
    GOAL_FORMAT: POLAR
    TYPE: PointGoalSensor
  POINTGOAL_WITH_GPS_COMPASS_SENSOR:
    DIMENSIONALITY: 2
    GOAL_FORMAT: POLAR
    TYPE: PointGoalWithGPSCompassSensor
  POSSIBLE_ACTIONS: ['STOP', 'MOVE_FORWARD', 'TURN_LEFT', 'TURN_RIGHT']
  PROXIMITY_SENSOR:
    MAX_DETECTION_RADIUS: 2.0
    TYPE: ProximitySensor
  QUESTION_SENSOR:
    TYPE: QuestionSensor
  SENSORS: ['POINTGOAL_WITH_GPS_COMPASS_SENSOR', 'HEADING_SENSOR']
  SOFT_SPL:
    TYPE: SoftSPL
  SPL:
    TYPE: SPL
  SUCCESS:
    SUCCESS_DISTANCE: 3.0
    TYPE: Success
  SUCCESS_DISTANCE: 3.0
  TOP_DOWN_MAP:
    DRAW_BORDER: True
    DRAW_GOAL_AABBS: True
    DRAW_GOAL_POSITIONS: True
    DRAW_SHORTEST_PATH: True
    DRAW_SOURCE: True
    DRAW_VIEW_POINTS: True
    FOG_OF_WAR:
      DRAW: True
      FOV: 90
      VISIBILITY_DIST: 5.0
    MAP_PADDING: 3
    MAP_RESOLUTION: 1250
    MAX_EPISODE_STEPS: 1000
    NUM_TOPDOWN_MAP_SAMPLE_POINTS: 20000
    TYPE: TopDownMap
  TYPE: Nav-v0
TORCH_GPU_ID: 0
USE_CPU: False
VIDEO_DIR: out/controller/
VIDEO_OPTION: ['disk']
2021-04-08 18:45:26,640 Initializing dataset PointNav-v1
2021-04-08 18:45:26,842 initializing sim Sim-v0
2021-04-08 18:45:28,076 Initializing task Nav-v0
2021-04-08 18:45:28,078 Overwriting CNN input size of depth: (256, 256)
2021-04-08 18:45:30,507 Initialized ControllerType.BLACKBOX with id: ppo_controller
2021-04-08 18:45:33,377 Video created: out/controller/path_id=4963=0.mp4
2021-04-08 18:45:49,532 Video created: out/controller/path_id=440=1.mp4
2021-04-08 18:45:52,888 Video created: out/controller/path_id=4931=2.mp4
2021-04-08 18:46:09,833 Video created: out/controller/path_id=3634=3.mp4
2021-04-08 18:46:26,211 Video created: out/controller/path_id=1378=4.mp4
